2025-08-26 23:15:43,027(HH:mm:ss.SSS) [TestNG-tests-3] INFO  testCases.TC001_AccountRegistrationTest - Clicked on My Account Link
2025-08-26 23:15:43,091(HH:mm:ss.SSS) [TestNG-tests-1] INFO  testCases.TC001_AccountRegistrationTest - Clicked on My Account Link
2025-08-26 23:15:43,149(HH:mm:ss.SSS) [TestNG-tests-2] INFO  testCases.TC001_AccountRegistrationTest - Clicked on My Account Link
2025-08-26 23:15:43,489(HH:mm:ss.SSS) [TestNG-tests-1] INFO  testCases.TC001_AccountRegistrationTest - Clicked on Register Link
2025-08-26 23:15:43,492(HH:mm:ss.SSS) [TestNG-tests-1] INFO  testCases.TC001_AccountRegistrationTest - Providing customer details.....
2025-08-26 23:15:43,504(HH:mm:ss.SSS) [TestNG-tests-3] ERROR testCases.TC001_AccountRegistrationTest - Test failed.....
2025-08-26 23:15:43,504(HH:mm:ss.SSS) [TestNG-tests-2] ERROR testCases.TC001_AccountRegistrationTest - Test failed.....
2025-08-26 23:15:44,964(HH:mm:ss.SSS) [TestNG-tests-1] ERROR testCases.TC001_AccountRegistrationTest - Test failed.....
2025-08-26 23:24:25,362(HH:mm:ss.SSS) [TestNG-tests-3] INFO  testCases.TC001_AccountRegistrationTest - ******Starting TC001_AccountRegistrationTest******
2025-08-26 23:24:25,366(HH:mm:ss.SSS) [TestNG-tests-1] INFO  testCases.TC001_AccountRegistrationTest - ******Starting TC001_AccountRegistrationTest******
2025-08-26 23:24:25,571(HH:mm:ss.SSS) [TestNG-tests-1] INFO  testCases.TC001_AccountRegistrationTest - Clicked on My Account Link
2025-08-26 23:24:25,632(HH:mm:ss.SSS) [TestNG-tests-3] INFO  testCases.TC001_AccountRegistrationTest - Clicked on My Account Link
2025-08-26 23:24:27,321(HH:mm:ss.SSS) [TestNG-tests-2] INFO  testCases.TC001_AccountRegistrationTest - ******Starting TC001_AccountRegistrationTest******
2025-08-26 23:24:27,421(HH:mm:ss.SSS) [TestNG-tests-2] INFO  testCases.TC001_AccountRegistrationTest - Clicked on My Account Link
2025-08-26 23:24:27,992(HH:mm:ss.SSS) [TestNG-tests-2] INFO  testCases.TC001_AccountRegistrationTest - Clicked on Register Link
2025-08-26 23:24:27,993(HH:mm:ss.SSS) [TestNG-tests-2] INFO  testCases.TC001_AccountRegistrationTest - Providing customer details.....
2025-08-26 23:24:29,686(HH:mm:ss.SSS) [TestNG-tests-2] INFO  testCases.TC001_AccountRegistrationTest - validating expected message....
2025-08-26 23:24:29,711(HH:mm:ss.SSS) [TestNG-tests-2] INFO  testCases.TC001_AccountRegistrationTest - ****Finished TC001_AccountRegistrationTest*****
2025-08-26 23:24:35,730(HH:mm:ss.SSS) [TestNG-tests-1] ERROR testCases.TC001_AccountRegistrationTest - Test failed.....
2025-08-26 23:24:45,766(HH:mm:ss.SSS) [TestNG-tests-3] ERROR testCases.TC001_AccountRegistrationTest - Test failed.....
2025-08-26 23:30:58,294(HH:mm:ss.SSS) [main] INFO  testCases.TC001_AccountRegistrationTest - ******Starting TC001_AccountRegistrationTest******
2025-08-26 23:30:58,419(HH:mm:ss.SSS) [main] INFO  testCases.TC001_AccountRegistrationTest - Clicked on My Account Link
2025-08-26 23:31:08,497(HH:mm:ss.SSS) [main] INFO  testCases.TC001_AccountRegistrationTest - Clicked on Register Link
2025-08-26 23:31:08,502(HH:mm:ss.SSS) [main] INFO  testCases.TC001_AccountRegistrationTest - Providing customer details.....
2025-08-26 23:31:28,875(HH:mm:ss.SSS) [main] INFO  testCases.TC001_AccountRegistrationTest - validating expected message....
2025-08-26 23:32:27,936(HH:mm:ss.SSS) [TestNG-tests-2] INFO  testCases.TC001_AccountRegistrationTest - ******Starting TC001_AccountRegistrationTest******
2025-08-26 23:32:28,082(HH:mm:ss.SSS) [TestNG-tests-2] INFO  testCases.TC001_AccountRegistrationTest - Clicked on My Account Link
2025-08-26 23:32:28,856(HH:mm:ss.SSS) [TestNG-tests-2] INFO  testCases.TC001_AccountRegistrationTest - Clicked on Register Link
2025-08-26 23:32:28,858(HH:mm:ss.SSS) [TestNG-tests-2] INFO  testCases.TC001_AccountRegistrationTest - Providing customer details.....
2025-08-26 23:32:28,935(HH:mm:ss.SSS) [TestNG-tests-3] INFO  testCases.TC001_AccountRegistrationTest - ******Starting TC001_AccountRegistrationTest******
2025-08-26 23:32:29,039(HH:mm:ss.SSS) [TestNG-tests-3] INFO  testCases.TC001_AccountRegistrationTest - Clicked on My Account Link
2025-08-26 23:32:29,331(HH:mm:ss.SSS) [TestNG-tests-3] INFO  testCases.TC001_AccountRegistrationTest - Clicked on Register Link
2025-08-26 23:32:29,332(HH:mm:ss.SSS) [TestNG-tests-3] INFO  testCases.TC001_AccountRegistrationTest - Providing customer details.....
2025-08-26 23:32:29,339(HH:mm:ss.SSS) [TestNG-tests-1] INFO  testCases.TC001_AccountRegistrationTest - ******Starting TC001_AccountRegistrationTest******
2025-08-26 23:32:29,450(HH:mm:ss.SSS) [TestNG-tests-1] INFO  testCases.TC001_AccountRegistrationTest - Clicked on My Account Link
2025-08-26 23:32:29,716(HH:mm:ss.SSS) [TestNG-tests-1] INFO  testCases.TC001_AccountRegistrationTest - Clicked on Register Link
2025-08-26 23:32:29,717(HH:mm:ss.SSS) [TestNG-tests-1] INFO  testCases.TC001_AccountRegistrationTest - Providing customer details.....
2025-08-26 23:32:30,109(HH:mm:ss.SSS) [TestNG-tests-2] INFO  testCases.TC001_AccountRegistrationTest - validating expected message....
