2025-08-22 22:27:14,256(HH:mm:ss.SSS) [main] INFO  testCases.TC001_AccountRegistrationTest - validating expected message....
2025-08-22 22:27:15,070(HH:mm:ss.SSS) [main] INFO  testCases.TC001_AccountRegistrationTest - ****Finished TC001_AccountRegistrationTest*****
2025-08-22 22:27:20,731(HH:mm:ss.SSS) [main] INFO  testCases.TC001_AccountRegistrationTest - ******Starting TC001_AccountRegistrationTest******
2025-08-22 22:27:20,813(HH:mm:ss.SSS) [main] INFO  testCases.TC001_AccountRegistrationTest - Clicked on My Account Link
2025-08-22 22:27:21,992(HH:mm:ss.SSS) [main] INFO  testCases.TC001_AccountRegistrationTest - Clicked on Register Link
2025-08-22 22:27:21,993(HH:mm:ss.SSS) [main] INFO  testCases.TC001_AccountRegistrationTest - Providing customer details.....
2025-08-22 22:27:23,198(HH:mm:ss.SSS) [main] INFO  testCases.TC001_AccountRegistrationTest - validating expected message....
2025-08-22 22:27:23,231(HH:mm:ss.SSS) [main] INFO  testCases.TC001_AccountRegistrationTest - ****Finished TC001_AccountRegistrationTest*****
2025-08-22 22:27:30,348(HH:mm:ss.SSS) [main] INFO  testCases.TC001_AccountRegistrationTest - ******Starting TC001_AccountRegistrationTest******
2025-08-22 22:27:30,443(HH:mm:ss.SSS) [main] INFO  testCases.TC001_AccountRegistrationTest - Clicked on My Account Link
2025-08-22 22:27:32,974(HH:mm:ss.SSS) [main] INFO  testCases.TC001_AccountRegistrationTest - Clicked on Register Link
2025-08-22 22:27:32,975(HH:mm:ss.SSS) [main] INFO  testCases.TC001_AccountRegistrationTest - Providing customer details.....
2025-08-22 22:27:32,985(HH:mm:ss.SSS) [main] ERROR testCases.TC001_AccountRegistrationTest - Test failed.....
2025-08-22 22:28:15,535(HH:mm:ss.SSS) [main] INFO  testCases.TC001_AccountRegistrationTest - ******Starting TC001_AccountRegistrationTest******
2025-08-22 22:28:15,615(HH:mm:ss.SSS) [main] INFO  testCases.TC001_AccountRegistrationTest - Clicked on My Account Link
2025-08-22 22:28:16,195(HH:mm:ss.SSS) [main] INFO  testCases.TC001_AccountRegistrationTest - Clicked on Register Link
2025-08-22 22:28:16,197(HH:mm:ss.SSS) [main] INFO  testCases.TC001_AccountRegistrationTest - Providing customer details.....
2025-08-22 22:28:17,408(HH:mm:ss.SSS) [main] INFO  testCases.TC001_AccountRegistrationTest - validating expected message....
2025-08-22 22:28:17,436(HH:mm:ss.SSS) [main] INFO  testCases.TC001_AccountRegistrationTest - ****Finished TC001_AccountRegistrationTest*****
2025-08-22 22:28:27,561(HH:mm:ss.SSS) [main] INFO  testCases.TC001_AccountRegistrationTest - ******Starting TC001_AccountRegistrationTest******
2025-08-22 22:28:27,659(HH:mm:ss.SSS) [main] INFO  testCases.TC001_AccountRegistrationTest - Clicked on My Account Link
2025-08-22 22:28:28,205(HH:mm:ss.SSS) [main] INFO  testCases.TC001_AccountRegistrationTest - Clicked on Register Link
2025-08-22 22:28:28,206(HH:mm:ss.SSS) [main] INFO  testCases.TC001_AccountRegistrationTest - Providing customer details.....
2025-08-22 22:28:29,463(HH:mm:ss.SSS) [main] INFO  testCases.TC001_AccountRegistrationTest - validating expected message....
2025-08-22 22:28:29,480(HH:mm:ss.SSS) [main] INFO  testCases.TC001_AccountRegistrationTest - ****Finished TC001_AccountRegistrationTest*****
2025-08-22 22:29:09,433(HH:mm:ss.SSS) [TestNG-tests-1] INFO  testCases.TC001_AccountRegistrationTest - ******Starting TC001_AccountRegistrationTest******
2025-08-22 22:29:09,520(HH:mm:ss.SSS) [TestNG-tests-1] INFO  testCases.TC001_AccountRegistrationTest - Clicked on My Account Link
2025-08-22 22:29:10,805(HH:mm:ss.SSS) [TestNG-tests-1] INFO  testCases.TC001_AccountRegistrationTest - Clicked on Register Link
2025-08-22 22:29:10,805(HH:mm:ss.SSS) [TestNG-tests-1] INFO  testCases.TC001_AccountRegistrationTest - Providing customer details.....
2025-08-22 22:29:12,603(HH:mm:ss.SSS) [TestNG-tests-1] INFO  testCases.TC001_AccountRegistrationTest - validating expected message....
2025-08-22 22:29:12,645(HH:mm:ss.SSS) [TestNG-tests-1] INFO  testCases.TC001_AccountRegistrationTest - ****Finished TC001_AccountRegistrationTest*****
2025-08-22 22:29:13,018(HH:mm:ss.SSS) [TestNG-tests-2] INFO  testCases.TC001_AccountRegistrationTest - ******Starting TC001_AccountRegistrationTest******
2025-08-22 22:29:13,143(HH:mm:ss.SSS) [TestNG-tests-2] INFO  testCases.TC001_AccountRegistrationTest - Clicked on My Account Link
2025-08-22 22:29:13,804(HH:mm:ss.SSS) [TestNG-tests-2] INFO  testCases.TC001_AccountRegistrationTest - Clicked on Register Link
2025-08-22 22:29:13,805(HH:mm:ss.SSS) [TestNG-tests-2] INFO  testCases.TC001_AccountRegistrationTest - Providing customer details.....
2025-08-22 22:29:15,092(HH:mm:ss.SSS) [TestNG-tests-2] INFO  testCases.TC001_AccountRegistrationTest - validating expected message....
2025-08-22 22:29:15,109(HH:mm:ss.SSS) [TestNG-tests-2] INFO  testCases.TC001_AccountRegistrationTest - ****Finished TC001_AccountRegistrationTest*****
2025-08-22 22:36:00,756(HH:mm:ss.SSS) [main] INFO  testCases.TC001_AccountRegistrationTest - ******Starting TC001_AccountRegistrationTest******
